  croutine.c
C:\Users\a\Desktop\Kosana Pavlovic\v4\Vjezba4 program\FreeRTOS\croutine.c(28,10): fatal error C1083: Cannot open include file: 'FreeRTOS.h': No such file or directory
  event_groups.c
C:\Users\a\Desktop\Kosana Pavlovic\v4\Vjezba4 program\FreeRTOS\event_groups.c(37,10): fatal error C1083: Cannot open include file: 'FreeRTOS.h': No such file or directory
  list.c
C:\Users\a\Desktop\Kosana Pavlovic\v4\Vjezba4 program\FreeRTOS\list.c(30,10): fatal error C1083: Cannot open include file: 'FreeRTOS.h': No such file or directory
  heap_4.c
C:\Users\a\Desktop\Kosana Pavlovic\v4\Vjezba4 program\FreeRTOS\portable\MemMang\heap_4.c(43,10): fatal error C1083: Cannot open include file: 'FreeRTOS.h': No such file or directory
  port.c
C:\Users\a\Desktop\Kosana Pavlovic\v4\Vjezba4 program\FreeRTOS\portable\MSVC\port.c(32,10): fatal error C1083: Cannot open include file: 'FreeRTOS.h': No such file or directory
  queue.c
C:\Users\a\Desktop\Kosana Pavlovic\v4\Vjezba4 program\FreeRTOS\queue.c(36,10): fatal error C1083: Cannot open include file: 'FreeRTOS.h': No such file or directory
  stream_buffer.c
C:\Users\a\Desktop\Kosana Pavlovic\v4\Vjezba4 program\FreeRTOS\stream_buffer.c(38,10): fatal error C1083: Cannot open include file: 'FreeRTOS.h': No such file or directory
  tasks.c
C:\Users\a\Desktop\Kosana Pavlovic\v4\Vjezba4 program\FreeRTOS\tasks.c(38,10): fatal error C1083: Cannot open include file: 'FreeRTOS.h': No such file or directory
  timers.c
C:\Users\a\Desktop\Kosana Pavlovic\v4\Vjezba4 program\FreeRTOS\timers.c(36,10): fatal error C1083: Cannot open include file: 'FreeRTOS.h': No such file or directory
  common_HWSIM.c
  hwInt.c
  HWS_conf.c
  mxDisp7seg.c
  mxDisp7seg._HWSIM.c
  main.c
C:\Users\a\Desktop\Kosana Pavlovic\v4\Vjezba4 program\main.c(7,10): fatal error C1083: Cannot open include file: 'FreeRTOS.h': No such file or directory
  main_application.c
C:\Users\a\Desktop\Kosana Pavlovic\v4\Vjezba4 program\main_application.c(9,10): fatal error C1083: Cannot open include file: 'FreeRTOS.h': No such file or directory
  Generating Code...
